<?xml version="1.0" encoding="UTF-8"?>
<!-- Generated by org.testng.reporters.JUnitXMLReporter -->
<testsuite ignored="1" hostname="DESKTOP-CDI4FMG" failures="1" tests="12" name="Default test" time="103.199" errors="0" timestamp="2025-06-26T09:09:51 IST">
  <testcase classname="testscripts.LoginpageTest" name="verifyLoginBtnFunctionalityWithBlankPassword" time="1.129"/>
  <testcase classname="testscripts.LoginpageTest" name="verifyLoginBtnFunctionalityWithInvalidUsernamePassword" time="0.516"/>
  <testcase classname="testscripts.LoginpageTest" name="verifyLoginBtnFunctionalityWithValidUsernamePassword" time="3.691"/>
  <testcase classname="testscripts.LoginpageTest" name="verifyLoginBtnFunctionalityWithValidUsernamePassword" time="3.572"/>
  <testcase classname="testscripts.LoginpageTest" name="verifyLoginBtnFunctionalityWithValidUsernamePassword" time="3.54"/>
  <testcase classname="testscripts.LoginpageTest" name="verifyLoginBtnFunctionalityWithValidUsernamePassword" time="3.54"/>
  <testcase classname="testscripts.LoginpageTest" name="verifyLoginBtnFunctionalityWithValidUsernamePassword" time="3.64"/>
  <testcase classname="testscripts.LoginpageTest" name="verifyLoginBtnFunctionalityWithValidUsernamePassword" time="3.643"/>
  <testcase classname="testscripts.LoginpageTest" name="verifyLoginBtnFunctionalityWithValidUsernamePassword" time="3.495"/>
  <testcase classname="testscripts.LoginpageTest" name="verifyLoginBtnFunctionalityWithValidUsernamePassword" time="3.448"/>
  <testcase classname="testscripts.LoginpageTest" name="verifyLoginBtnFunctionalityWithValidUsernamePassword" time="3.582"/>
  <testcase classname="testscripts.LoginpageTest" name="verifyLoginBtnFunctionalityWithValidUsernamePassword" time="3.442">
    <failure type="java.lang.AssertionError" message="Testscript failed as Prodcut Title not visible expected [true] but found [false]">
      <![CDATA[java.lang.AssertionError: Testscript failed as Prodcut Title not visible expected [true] but found [false]
at org.testng.Assert.fail(Assert.java:111)
at org.testng.Assert.failNotEquals(Assert.java:1590)
at org.testng.Assert.assertTrue(Assert.java:57)
at testscripts.LoginpageTest.verifyLoginBtnFunctionalityWithValidUsernamePassword(LoginpageTest.java:95)
at java.base/jdk.internal.reflect.NativeMethodAccessorImpl.invoke0(Native Method)
at java.base/jdk.internal.reflect.NativeMethodAccessorImpl.invoke(NativeMethodAccessorImpl.java:62)
at java.base/jdk.internal.reflect.DelegatingMethodAccessorImpl.invoke(DelegatingMethodAccessorImpl.java:43)
at java.base/java.lang.reflect.Method.invoke(Method.java:566)
at org.testng.internal.invokers.MethodInvocationHelper.invokeMethod(MethodInvocationHelper.java:141)
at org.testng.internal.invokers.TestInvoker.invokeMethod(TestInvoker.java:687)
at org.testng.internal.invokers.TestInvoker.invokeTestMethod(TestInvoker.java:230)
at org.testng.internal.invokers.MethodRunner.runInSequence(MethodRunner.java:63)
at org.testng.internal.invokers.TestInvoker$MethodInvocationAgent.invoke(TestInvoker.java:995)
at org.testng.internal.invokers.TestInvoker.invokeTestMethods(TestInvoker.java:203)
at org.testng.internal.invokers.TestMethodWorker.invokeTestMethods(TestMethodWorker.java:154)
at org.testng.internal.invokers.TestMethodWorker.run(TestMethodWorker.java:134)
at java.base/java.util.ArrayList.forEach(ArrayList.java:1541)
at org.testng.TestRunner.privateRun(TestRunner.java:741)
at org.testng.TestRunner.run(TestRunner.java:616)
at org.testng.SuiteRunner.runTest(SuiteRunner.java:421)
at org.testng.SuiteRunner.runSequentially(SuiteRunner.java:413)
at org.testng.SuiteRunner.privateRun(SuiteRunner.java:373)
at org.testng.SuiteRunner.run(SuiteRunner.java:312)
at org.testng.SuiteRunnerWorker.runSuite(SuiteRunnerWorker.java:52)
at org.testng.SuiteRunnerWorker.run(SuiteRunnerWorker.java:95)
at org.testng.TestNG.runSuitesSequentially(TestNG.java:1274)
at org.testng.TestNG.runSuitesLocally(TestNG.java:1208)
at org.testng.TestNG.runSuites(TestNG.java:1112)
at org.testng.TestNG.run(TestNG.java:1079)
at org.testng.remote.AbstractRemoteTestNG.run(AbstractRemoteTestNG.java:115)
at org.testng.remote.RemoteTestNG.initAndRun(RemoteTestNG.java:293)
at org.testng.remote.RemoteTestNG.main(RemoteTestNG.java:91)
]]>
    </failure>
  </testcase> <!-- verifyLoginBtnFunctionalityWithValidUsernamePassword -->
  <testcase classname="testscripts.LoginpageTest" name="verifyLoginBtnFunctionalityWithBlankUsernameAndBlankPassword" time="0.0">
    <ignored/>
  </testcase> <!-- verifyLoginBtnFunctionalityWithBlankUsernameAndBlankPassword -->
</testsuite> <!-- Default test -->
