<?xml version="1.0" encoding="UTF-8"?>
<!-- Generated by org.testng.reporters.JUnitXMLReporter -->
<testsuite ignored="3" hostname="DESKTOP-CDI4FMG" failures="1" tests="10" name="Test" time="87.891" errors="0" timestamp="2025-06-28T08:30:37 IST">
  <testcase classname="testscripts.LoginpageTest" name="verifyLoginBtnFunctionalityWithValidUsernamePassword" time="4.957"/>
  <testcase classname="testscripts.LoginpageTest" name="verifyLoginBtnFunctionalityWithValidUsernamePassword" time="3.667"/>
  <testcase classname="testscripts.LoginpageTest" name="verifyLoginBtnFunctionalityWithValidUsernamePassword" time="3.731"/>
  <testcase classname="testscripts.LoginpageTest" name="verifyLoginBtnFunctionalityWithValidUsernamePassword" time="3.765"/>
  <testcase classname="testscripts.LoginpageTest" name="verifyLoginBtnFunctionalityWithValidUsernamePassword" time="3.721"/>
  <testcase classname="testscripts.LoginpageTest" name="verifyLoginBtnFunctionalityWithValidUsernamePassword" time="3.746"/>
  <testcase classname="testscripts.LoginpageTest" name="verifyLoginBtnFunctionalityWithValidUsernamePassword" time="3.765"/>
  <testcase classname="testscripts.LoginpageTest" name="verifyLoginBtnFunctionalityWithValidUsernamePassword" time="3.714"/>
  <testcase classname="testscripts.LoginpageTest" name="verifyLoginBtnFunctionalityWithValidUsernamePassword" time="3.694"/>
  <testcase classname="testscripts.LoginpageTest" name="verifyLoginBtnFunctionalityWithValidUsernamePassword" time="3.584">
    <failure type="java.lang.AssertionError" message="Testscript failed as Prodcut Title not visible expected [true] but found [false]">
      <![CDATA[java.lang.AssertionError: Testscript failed as Prodcut Title not visible expected [true] but found [false]
at testscripts.LoginpageTest.verifyLoginBtnFunctionalityWithValidUsernamePassword(LoginpageTest.java:97)
at java.base/java.util.ArrayList.forEach(ArrayList.java:1541)
... Removed 30 stack frames]]>
    </failure>
  </testcase> <!-- verifyLoginBtnFunctionalityWithValidUsernamePassword -->
  <testcase classname="testscripts.LoginpageTest" name="verifyLoginBtnFunctionalityWithBlankUsernameAndBlankPassword" time="0.0">
    <ignored/>
  </testcase> <!-- verifyLoginBtnFunctionalityWithBlankUsernameAndBlankPassword -->
  <testcase classname="testscripts.LoginpageTest" name="verifyLoginBtnFunctionalityWithBlankPassword" time="0.0">
    <ignored/>
  </testcase> <!-- verifyLoginBtnFunctionalityWithBlankPassword -->
  <testcase classname="testscripts.LoginpageTest" name="verifyLoginBtnFunctionalityWithInvalidUsernamePassword" time="0.0">
    <ignored/>
  </testcase> <!-- verifyLoginBtnFunctionalityWithInvalidUsernamePassword -->
</testsuite> <!-- Test -->
