<?xml version="1.0" encoding="UTF-8"?>
<!-- Generated by org.testng.reporters.JUnitReportReporter -->
<testsuite hostname="DESKTOP-CDI4FMG" failures="1" tests="11" name="testscripts.LoginpageTest" time="87.681" errors="0" timestamp="2025-06-28T08:30:37 IST" skipped="1">
  <testcase classname="testscripts.LoginpageTest" name="verifyLoginBtnFunctionalityWithValidUsernamePassword" time="7.758">
    <system-out>
      <![CDATA[verifyLoginBtnFunctionalityWithValidUsernamePassword :standard_user  secret_sauce    Status : PASS]]>
    </system-out>
  </testcase> <!-- verifyLoginBtnFunctionalityWithValidUsernamePassword -->
  <testcase classname="testscripts.LoginpageTest" name="verifyLoginBtnFunctionalityWithValidUsernamePassword" time="9.273">
    <failure message="Testscript failed as Prodcut Title not visible expected [true] but found [false]" type="java.lang.AssertionError">
      <![CDATA[java.lang.AssertionError: Testscript failed as Prodcut Title not visible expected [true] but found [false]
at org.testng.Assert.fail(Assert.java:111)
at org.testng.Assert.failNotEquals(Assert.java:1590)
at org.testng.Assert.assertTrue(Assert.java:57)
at testscripts.LoginpageTest.verifyLoginBtnFunctionalityWithValidUsernamePassword(LoginpageTest.java:97)
at java.base/jdk.internal.reflect.NativeMethodAccessorImpl.invoke0(Native Method)
at java.base/jdk.internal.reflect.NativeMethodAccessorImpl.invoke(NativeMethodAccessorImpl.java:62)
at java.base/jdk.internal.reflect.DelegatingMethodAccessorImpl.invoke(DelegatingMethodAccessorImpl.java:43)
at java.base/java.lang.reflect.Method.invoke(Method.java:566)
at org.testng.internal.invokers.MethodInvocationHelper.invokeMethod(MethodInvocationHelper.java:141)
at org.testng.internal.invokers.TestInvoker.invokeMethod(TestInvoker.java:687)
at org.testng.internal.invokers.TestInvoker.invokeTestMethod(TestInvoker.java:230)
at org.testng.internal.invokers.MethodRunner.runInSequence(MethodRunner.java:63)
at org.testng.internal.invokers.TestInvoker$MethodInvocationAgent.invoke(TestInvoker.java:995)
at org.testng.internal.invokers.TestInvoker.invokeTestMethods(TestInvoker.java:203)
at org.testng.internal.invokers.TestMethodWorker.invokeTestMethods(TestMethodWorker.java:154)
at org.testng.internal.invokers.TestMethodWorker.run(TestMethodWorker.java:134)
at java.base/java.util.ArrayList.forEach(ArrayList.java:1541)
at org.testng.TestRunner.privateRun(TestRunner.java:741)
at org.testng.TestRunner.run(TestRunner.java:616)
at org.testng.SuiteRunner.runTest(SuiteRunner.java:421)
at org.testng.SuiteRunner.runSequentially(SuiteRunner.java:413)
at org.testng.SuiteRunner.privateRun(SuiteRunner.java:373)
at org.testng.SuiteRunner.run(SuiteRunner.java:312)
at org.testng.SuiteRunnerWorker.runSuite(SuiteRunnerWorker.java:52)
at org.testng.SuiteRunnerWorker.run(SuiteRunnerWorker.java:95)
at org.testng.TestNG.runSuitesSequentially(TestNG.java:1274)
at org.testng.TestNG.runSuitesLocally(TestNG.java:1208)
at org.testng.TestNG.runSuites(TestNG.java:1112)
at org.testng.TestNG.run(TestNG.java:1079)
at org.testng.remote.AbstractRemoteTestNG.run(AbstractRemoteTestNG.java:115)
at org.testng.remote.RemoteTestNG.initAndRun(RemoteTestNG.java:293)
at org.testng.remote.RemoteTestNG.main(RemoteTestNG.java:91)
]]>
    </failure>
  </testcase> <!-- verifyLoginBtnFunctionalityWithValidUsernamePassword -->
  <testcase classname="testscripts.LoginpageTest" name="verifyLoginBtnFunctionalityWithValidUsernamePassword" time="7.301">
    <system-out>
      <![CDATA[verifyLoginBtnFunctionalityWithValidUsernamePassword :standard_user  secret_sauce    Status : PASS]]>
    </system-out>
  </testcase> <!-- verifyLoginBtnFunctionalityWithValidUsernamePassword -->
  <testcase classname="testscripts.LoginpageTest" name="verifyLoginBtnFunctionalityWithValidUsernamePassword" time="8.060">
    <system-out>
      <![CDATA[verifyLoginBtnFunctionalityWithValidUsernamePassword :standard_user  secret_sauce    Status : PASS]]>
    </system-out>
  </testcase> <!-- verifyLoginBtnFunctionalityWithValidUsernamePassword -->
  <testcase classname="testscripts.LoginpageTest" name="verifyLoginBtnFunctionalityWithValidUsernamePassword" time="9.308">
    <system-out>
      <![CDATA[verifyLoginBtnFunctionalityWithValidUsernamePassword :standard_user  secret_sauce    Status : PASS]]>
    </system-out>
  </testcase> <!-- verifyLoginBtnFunctionalityWithValidUsernamePassword -->
  <testcase classname="testscripts.LoginpageTest" name="verifyLoginBtnFunctionalityWithValidUsernamePassword" time="9.336">
    <system-out>
      <![CDATA[verifyLoginBtnFunctionalityWithValidUsernamePassword :standard_user  secret_sauce    Status : PASS]]>
    </system-out>
  </testcase> <!-- verifyLoginBtnFunctionalityWithValidUsernamePassword -->
  <testcase classname="testscripts.LoginpageTest" name="verifyLoginBtnFunctionalityWithValidUsernamePassword" time="7.646">
    <system-out>
      <![CDATA[verifyLoginBtnFunctionalityWithValidUsernamePassword :standard_user  secret_sauce    Status : PASS]]>
    </system-out>
  </testcase> <!-- verifyLoginBtnFunctionalityWithValidUsernamePassword -->
  <testcase classname="testscripts.LoginpageTest" name="verifyLoginBtnFunctionalityWithValidUsernamePassword" time="10.955">
    <system-out>
      <![CDATA[verifyLoginBtnFunctionalityWithValidUsernamePassword :standard_user  secret_sauce    Status : PASS]]>
    </system-out>
  </testcase> <!-- verifyLoginBtnFunctionalityWithValidUsernamePassword -->
  <testcase classname="testscripts.LoginpageTest" name="verifyLoginBtnFunctionalityWithValidUsernamePassword" time="7.960">
    <system-out>
      <![CDATA[verifyLoginBtnFunctionalityWithValidUsernamePassword :standard_user  secret_sauce    Status : PASS]]>
    </system-out>
  </testcase> <!-- verifyLoginBtnFunctionalityWithValidUsernamePassword -->
  <testcase classname="testscripts.LoginpageTest" name="verifyLoginBtnFunctionalityWithValidUsernamePassword" time="10.084">
    <system-out>
      <![CDATA[verifyLoginBtnFunctionalityWithValidUsernamePassword :    Status : PASS]]>
    </system-out>
  </testcase> <!-- verifyLoginBtnFunctionalityWithValidUsernamePassword -->
  <testcase classname="testscripts.LoginpageTest" name="verifyLoginBtnFunctionalityWithBlankUsernameAndBlankPassword">
    <skipped/>
  </testcase> <!-- verifyLoginBtnFunctionalityWithBlankUsernameAndBlankPassword -->
  <system-out>
    <![CDATA[verifyLoginBtnFunctionalityWithValidUsernamePassword :    Status : PASS
verifyLoginBtnFunctionalityWithValidUsernamePassword :standard_user  secret_sauce    Status : PASS
verifyLoginBtnFunctionalityWithValidUsernamePassword :standard_user  secret_sauce    Status : PASS
verifyLoginBtnFunctionalityWithValidUsernamePassword :standard_user  secret_sauce    Status : PASS
verifyLoginBtnFunctionalityWithValidUsernamePassword :standard_user  secret_sauce    Status : PASS
verifyLoginBtnFunctionalityWithValidUsernamePassword :standard_user  secret_sauce    Status : PASS
verifyLoginBtnFunctionalityWithValidUsernamePassword :standard_user  secret_sauce    Status : PASS
verifyLoginBtnFunctionalityWithValidUsernamePassword :standard_user  secret_sauce    Status : PASS
verifyLoginBtnFunctionalityWithValidUsernamePassword :standard_user  secret_sauce    Status : PASS]]>
  </system-out>
</testsuite> <!-- testscripts.LoginpageTest -->
